[Fri, 2. Aug 2019 16:57:31 EDT | ID 289584720847699968] preston: huh
[Sat, 3. Aug 2019 18:28:50 EDT | ID 268211297332625428] MIRT: Hmm
[Sat, 3. Aug 2019 18:29:16 EDT | ID 268211297332625428] MIRT: Banip toxicaliste
[Fri, 9. Aug 2019 18:07:45 EDT | ID 289584720847699968] futaba: Aren’t you admin
[Fri, 9. Aug 2019 18:24:37 EDT | ID 289584720847699968] futaba: Nickel
[Fri, 9. Aug 2019 18:24:42 EDT | ID 289584720847699968] futaba: Are you happy now
[Sat, 10. Aug 2019 18:21:37 EDT | ID 268211297332625428] LS: bal
[Sat, 10. Aug 2019 18:21:45 EDT | ID 268211297332625428] LS: bal CONSOLE
[Sat, 10. Aug 2019 18:22:02 EDT | ID 268211297332625428] LS: pay obamagaming44 1000000000000000000
[Sat, 10. Aug 2019 18:22:10 EDT | ID 268211297332625428] LS: ni
[Sat, 10. Aug 2019 18:22:16 EDT | ID 268211297332625428] LS: say thats nigga
[Sat, 17. Aug 2019 22:59:46 EDT | ID 268211297332625428] LS: pex group admin add essentials.tp
[Sat, 17. Aug 2019 23:00:11 EDT | ID 268211297332625428] LS: pex group admin add essentials.gamemode.all
[Sat, 17. Aug 2019 23:00:22 EDT | ID 268211297332625428] LS: say there, you can tp, and do gmsp
[Sat, 17. Aug 2019 23:00:31 EDT | ID 268211297332625428] LS: say is that all you need for now?
[Sat, 17. Aug 2019 23:00:49 EDT | ID 268211297332625428] LS: say okay
[Sat, 17. Aug 2019 23:01:04 EDT | ID 268211297332625428] LS: say anyway back on my quest for the meat beat worthy porn
[Sat, 17. Aug 2019 23:56:34 EDT | ID 268211297332625428] LS: say the problem is my dear friend
[Sat, 17. Aug 2019 23:56:47 EDT | ID 268211297332625428] LS: say that you just banned an innocent player
[Sat, 17. Aug 2019 23:57:01 EDT | ID 268211297332625428] LS: say i deadass was keeping an eye on it
[Sat, 17. Aug 2019 23:57:14 EDT | ID 268211297332625428] LS: say he had a different ip you retard
[Sat, 17. Aug 2019 23:57:49 EDT | ID 268211297332625428] LS: pardon alex_redfox
[Sat, 17. Aug 2019 23:58:25 EDT | ID 268211297332625428] LS: say ip ban fucked it
[Sat, 17. Aug 2019 23:58:34 EDT | ID 268211297332625428] LS: say he just tried to join and he's still unable to rejoin
[Sat, 17. Aug 2019 23:58:35 EDT | ID 268211297332625428] LS: say gj
[Sat, 17. Aug 2019 23:58:51 EDT | ID 268211297332625428] LS: ipban alex_redfo
[Sat, 17. Aug 2019 23:59:07 EDT | ID 268211297332625428] LS: banip ale_redfox
[Sat, 17. Aug 2019 23:59:16 EDT | ID 268211297332625428] LS: banip alex_redfox
[Sat, 17. Aug 2019 23:59:35 EDT | ID 268211297332625428] LS: pardon alex_redfox
[Sun, 18. Aug 2019 00:02:03 EDT | ID 268211297332625428] LS: pardon-ip alex_redfox
[Tue, 5. Nov 2019 06:28:12 EST | ID 268211297332625428] Venom "Punished" Mauzer: tps
